<?xml version="1.0" encoding="UTF-8"?>
<!-- Generated by org.testng.reporters.JUnitXMLReporter -->
<testsuite ignored="0" hostname="DESKTOP-8GPV7J2" failures="0" tests="1" name="Test" time="0.151" errors="0" timestamp="2022-01-22T16:44:30 IST">
  <testcase classname="com.crm.genericlib.BaseClassAnnotation" name="@BeforeClass configBC" time="-1.642850069945E9">
    <failure type="org.testng.TestNGException" message="
Parameter &amp;apos;browser&amp;apos; is required by BeforeClass on method configBC but has not been marked @Optional or defined
in C:\Users\HP\eclipse-workspace\comcat_selenium_framework\testng.xml">
      <![CDATA[org.testng.TestNGException: 
Parameter 'browser' is required by BeforeClass on method configBC but has not been marked @Optional or defined
in C:\Users\HP\eclipse-workspace\comcat_selenium_framework\testng.xml
at java.base/java.util.ArrayList.forEach(ArrayList.java:1511)
at java.base/java.util.concurrent.FutureTask.run(FutureTask.java:264)
at java.base/java.util.concurrent.ThreadPoolExecutor.runWorker(ThreadPoolExecutor.java:1130)
at java.base/java.util.concurrent.ThreadPoolExecutor$Worker.run(ThreadPoolExecutor.java:630)
at java.base/java.lang.Thread.run(Thread.java:831)
... Removed 13 stack frames]]>
    </failure>
  </testcase> <!-- @BeforeClass configBC -->
  <testcase classname="com.crm.genericlib.BaseClassAnnotation" name="@BeforeMethod configBM" time="-1.642850070009E9">
    <skipped/>
  </testcase> <!-- @BeforeMethod configBM -->
  <testcase classname="com.crm.genericlib.BaseClassAnnotation" name="@AfterMethod configAM" time="-1.642850070044E9">
    <skipped/>
  </testcase> <!-- @AfterMethod configAM -->
  <testcase classname="com.crm.genericlib.BaseClassAnnotation" name="@AfterClass configAC" time="-1.642850070052E9">
    <skipped/>
  </testcase> <!-- @AfterClass configAC -->
  <testcase classname="practice.SampleItestListener" name="aaaaa" time="0.0">
    <skipped/>
  </testcase> <!-- aaaaa -->
</testsuite> <!-- Test -->
